2024-01-29 17:31:44,437 INFO o.a.j.u.JMeterUtils: Setting Locale to ar_SA
2024-01-29 17:31:44,491 ERROR o.a.j.u.JMeterUtils: Could not find resources for 'ar_SA'
2024-01-29 17:31:44,493 INFO o.a.j.JMeter: Loading user properties from: user.properties
2024-01-29 17:31:44,494 INFO o.a.j.JMeter: Loading system properties from: system.properties
2024-01-29 17:31:44,494 INFO o.a.j.JMeter: Loading additional properties from: C:\Users\OmarA\Downloads\apache-jmeter-5.6.3\apache-jmeter-5.6.3\bin\user.properties
2024-01-29 17:31:44,516 INFO o.a.j.JMeter: Copyright (c) 1998-2024 The Apache Software Foundation
2024-01-29 17:31:44,524 INFO o.a.j.JMeter: Version 5.6.3
2024-01-29 17:31:44,524 INFO o.a.j.JMeter: java.version=18.0.2.1
2024-01-29 17:31:44,524 INFO o.a.j.JMeter: java.vm.name=Java HotSpot(TM) 64-Bit Server VM
2024-01-29 17:31:44,524 INFO o.a.j.JMeter: os.name=Windows 10
2024-01-29 17:31:44,524 INFO o.a.j.JMeter: os.arch=amd64
2024-01-29 17:31:44,524 INFO o.a.j.JMeter: os.version=10.0
2024-01-29 17:31:44,524 INFO o.a.j.JMeter: file.encoding=UTF-8
2024-01-29 17:31:44,524 INFO o.a.j.JMeter: java.awt.headless=true
2024-01-29 17:31:44,524 INFO o.a.j.JMeter: Max memory     =4284481536
2024-01-29 17:31:44,525 INFO o.a.j.JMeter: Available Processors =8
2024-01-29 17:31:44,543 INFO o.a.j.JMeter: Default Locale=العربية (المملكة العربية السعودية)
2024-01-29 17:31:44,543 INFO o.a.j.JMeter: JMeter  Locale=العربية (المملكة العربية السعودية)
2024-01-29 17:31:44,544 INFO o.a.j.JMeter: JMeterHome=C:\Users\OmarA\Downloads\apache-jmeter-5.6.3\apache-jmeter-5.6.3
2024-01-29 17:31:44,544 INFO o.a.j.JMeter: user.dir  =C:\Users\OmarA\Downloads\apache-jmeter-5.6.3\apache-jmeter-5.6.3\bin
2024-01-29 17:31:44,545 INFO o.a.j.JMeter: PWD       =C:\Users\OmarA\Downloads\apache-jmeter-5.6.3\apache-jmeter-5.6.3\bin
2024-01-29 17:31:44,549 INFO o.a.j.JMeter: IP: 192.168.100.17 Name: DESKTOP-7H9MFDJ FullName: DESKTOP-7H9MFDJ
2024-01-29 17:31:44,583 INFO o.a.j.JMeter: Setting property 'jmeter.reportgenerator.outputdir' to:'C:\Users\OmarA\OneDrive\Desktop\htmlreport'
2024-01-29 17:31:44,589 INFO o.a.j.r.d.ReportGenerator: ReportGenerator will use for Parsing the separator: ','
2024-01-29 17:31:44,590 INFO o.a.j.r.d.ReportGenerator: Will only generate report from results file: C:\Users\OmarA\Downloads\apache-jmeter-5.6.3\apache-jmeter-5.6.3\bin\Resultss.csv
2024-01-29 17:31:44,590 INFO o.a.j.r.d.ReportGenerator: Reading report generator properties from: C:\Users\OmarA\Downloads\apache-jmeter-5.6.3\apache-jmeter-5.6.3\bin\reportgenerator.properties
2024-01-29 17:31:44,591 INFO o.a.j.r.d.ReportGenerator: Merging with JMeter properties
2024-01-29 17:31:44,601 INFO o.a.j.r.c.ReportGeneratorConfiguration: Property 'jmeter.reportgenerator.temp_dir' not found, using default value 'temp' instead.
2024-01-29 17:31:44,607 INFO o.a.j.r.c.ReportGeneratorConfiguration: Property 'jmeter.reportgenerator.apdex_per_transaction' not found, using default value 'null' instead.
2024-01-29 17:31:44,624 INFO o.a.j.r.c.ReportGeneratorConfiguration: apdex_per_transaction is empty, not APDEX per transaction customization
2024-01-29 17:31:44,624 INFO o.a.j.r.c.ReportGeneratorConfiguration: Property 'jmeter.reportgenerator.sample_filter' not found, using default value 'null' instead.
2024-01-29 17:31:44,624 INFO o.a.j.r.c.ReportGeneratorConfiguration: Property 'jmeter.reportgenerator.report_title' not found, using default value 'null' instead.
2024-01-29 17:31:44,625 INFO o.a.j.r.c.ReportGeneratorConfiguration: Property 'jmeter.reportgenerator.start_date' not found, using default value 'null' instead.
2024-01-29 17:31:44,625 INFO o.a.j.r.c.ReportGeneratorConfiguration: Property 'jmeter.reportgenerator.end_date' not found, using default value 'null' instead.
2024-01-29 17:31:44,625 INFO o.a.j.r.c.ReportGeneratorConfiguration: Property 'jmeter.reportgenerator.date_format' not found, using default value 'null' instead.
2024-01-29 17:31:44,629 INFO o.a.j.r.c.ReportGeneratorConfiguration: Will use date range start date: null, end date: null
2024-01-29 17:31:44,639 INFO o.a.j.r.c.ReportGeneratorConfiguration: Property 'jmeter.reportgenerator.graph.totalTPS.exclude_controllers' not found, using default value 'false' instead.
2024-01-29 17:31:44,640 INFO o.a.j.r.c.ReportGeneratorConfiguration: Property 'jmeter.reportgenerator.graph.activeThreadsOverTime.exclude_controllers' not found, using default value 'false' instead.
2024-01-29 17:31:44,640 INFO o.a.j.r.c.ReportGeneratorConfiguration: Property 'jmeter.reportgenerator.graph.timeVsThreads.exclude_controllers' not found, using default value 'false' instead.
2024-01-29 17:31:44,640 INFO o.a.j.r.c.ReportGeneratorConfiguration: Property 'jmeter.reportgenerator.graph.responseTimeDistribution.exclude_controllers' not found, using default value 'false' instead.
2024-01-29 17:31:44,640 INFO o.a.j.r.c.ReportGeneratorConfiguration: Property 'jmeter.reportgenerator.graph.transactionsPerSecond.exclude_controllers' not found, using default value 'false' instead.
2024-01-29 17:31:44,641 INFO o.a.j.r.c.ReportGeneratorConfiguration: Property 'jmeter.reportgenerator.graph.responseTimePercentiles.exclude_controllers' not found, using default value 'false' instead.
2024-01-29 17:31:44,641 INFO o.a.j.r.c.ReportGeneratorConfiguration: Property 'jmeter.reportgenerator.graph.responseTimePercentilesOverTime.exclude_controllers' not found, using default value 'false' instead.
2024-01-29 17:31:44,641 INFO o.a.j.r.c.ReportGeneratorConfiguration: Property 'jmeter.reportgenerator.graph.responseTimesOverTime.exclude_controllers' not found, using default value 'false' instead.
2024-01-29 17:31:44,642 INFO o.a.j.r.c.ReportGeneratorConfiguration: Property 'jmeter.reportgenerator.graph.connectTimeOverTime.exclude_controllers' not found, using default value 'false' instead.
2024-01-29 17:31:44,643 INFO o.a.j.r.c.ReportGeneratorConfiguration: Property 'jmeter.reportgenerator.graph.latenciesOverTime.exclude_controllers' not found, using default value 'false' instead.
2024-01-29 17:31:44,644 INFO o.a.j.r.c.ReportGeneratorConfiguration: Property 'jmeter.reportgenerator.exporter.json.filters_only_sample_series' not found, using default value 'true' instead.
2024-01-29 17:31:44,644 INFO o.a.j.r.c.ReportGeneratorConfiguration: Property 'jmeter.reportgenerator.exporter.json.series_filter' not found, using default value '' instead.
2024-01-29 17:31:44,644 INFO o.a.j.r.c.ReportGeneratorConfiguration: Property 'jmeter.reportgenerator.exporter.json.show_controllers_only' not found, using default value 'false' instead.
2024-01-29 17:31:44,646 INFO o.a.j.r.c.ReportGeneratorConfiguration: Property 'jmeter.reportgenerator.exporter.html.filters_only_sample_series' not found, using default value 'true' instead.
2024-01-29 17:31:44,646 INFO o.a.j.r.c.ReportGeneratorConfiguration: Property 'jmeter.reportgenerator.exporter.html.series_filter' not found, using default value '' instead.
2024-01-29 17:31:44,646 INFO o.a.j.r.c.ReportGeneratorConfiguration: Property 'jmeter.reportgenerator.exporter.html.show_controllers_only' not found, using default value 'false' instead.
2024-01-29 17:31:45,187 INFO o.a.j.s.SaveService: Testplan (JMX) version: 2.2. Testlog (JTL) version: 2.2
2024-01-29 17:31:45,218 INFO o.a.j.s.SaveService: Using SaveService properties version 5.0
2024-01-29 17:31:45,227 INFO o.a.j.s.SaveService: Using SaveService properties file encoding UTF-8
2024-01-29 17:31:45,277 INFO o.a.j.r.p.NormalizerSampleConsumer: Using format, 'ms', to parse timeStamp field
2024-01-29 17:31:45,549 INFO o.a.j.r.p.AbstractSampleConsumer: class org.apache.jmeter.report.processor.AggregateConsumer#stopProducing(): beginDate produced 0 samples
2024-01-29 17:31:45,549 INFO o.a.j.r.p.AbstractSampleConsumer: class org.apache.jmeter.report.processor.AggregateConsumer#stopProducing(): endDate produced 0 samples
2024-01-29 17:31:45,552 INFO o.a.j.r.p.AbstractSampleConsumer: class org.apache.jmeter.report.processor.ApdexSummaryConsumer#stopProducing(): apdexSummary produced 0 samples
2024-01-29 17:31:45,552 INFO o.a.j.r.p.AbstractSampleConsumer: class org.apache.jmeter.report.processor.RequestsSummaryConsumer#stopProducing(): requestsSummary produced 0 samples
2024-01-29 17:31:45,562 INFO o.a.j.r.p.AbstractSampleConsumer: class org.apache.jmeter.report.processor.StatisticsSummaryConsumer#stopProducing(): statisticsSummary produced 0 samples
2024-01-29 17:31:45,565 INFO o.a.j.r.p.AbstractSampleConsumer: class org.apache.jmeter.report.processor.Top5ErrorsBySamplerConsumer#stopProducing(): top5ErrorsBySampler produced 0 samples
2024-01-29 17:31:45,566 INFO o.a.j.r.p.AbstractSampleConsumer: class org.apache.jmeter.report.processor.ErrorsSummaryConsumer#stopProducing(): errorsSummary produced 0 samples
2024-01-29 17:31:45,566 INFO o.a.j.r.p.AbstractSampleConsumer: class org.apache.jmeter.report.processor.graph.impl.HitsPerSecondGraphConsumer#stopProducing(): hitsPerSecond produced 0 samples
2024-01-29 17:31:45,586 INFO o.a.j.r.p.AbstractSampleConsumer: class org.apache.jmeter.report.processor.graph.impl.LatencyVSRequestGraphConsumer#stopProducing(): latencyVsRequest produced 0 samples
2024-01-29 17:31:45,587 INFO o.a.j.r.p.AbstractSampleConsumer: class org.apache.jmeter.report.processor.graph.impl.SyntheticResponseTimeDistributionGraphConsumer#stopProducing(): syntheticResponseTimeDistribution produced 0 samples
2024-01-29 17:31:45,587 INFO o.a.j.r.p.AbstractSampleConsumer: class org.apache.jmeter.report.processor.graph.impl.BytesThroughputGraphConsumer#stopProducing(): bytesThroughputOverTime produced 0 samples
2024-01-29 17:31:45,587 INFO o.a.j.r.p.AbstractSampleConsumer: class org.apache.jmeter.report.processor.graph.impl.CodesPerSecondGraphConsumer#stopProducing(): codesPerSecond produced 0 samples
2024-01-29 17:31:45,593 INFO o.a.j.r.p.AbstractSampleConsumer: class org.apache.jmeter.report.processor.graph.impl.ResponseTimeVSRequestGraphConsumer#stopProducing(): responseTimeVsRequest produced 0 samples
2024-01-29 17:31:45,593 INFO o.a.j.r.p.AbstractSampleConsumer: class org.apache.jmeter.report.processor.FilterConsumer#stopProducing(): startIntervalControlerFilter produced 105 samples
2024-01-29 17:31:45,594 INFO o.a.j.r.p.AbstractSampleConsumer: class org.apache.jmeter.report.processor.graph.impl.TotalTPSGraphConsumer#stopProducing(): totalTPS produced 0 samples
2024-01-29 17:31:45,594 INFO o.a.j.r.p.AbstractSampleConsumer: class org.apache.jmeter.report.processor.graph.impl.ActiveThreadsGraphConsumer#stopProducing(): activeThreadsOverTime produced 0 samples
2024-01-29 17:31:45,594 INFO o.a.j.r.p.AbstractSampleConsumer: class org.apache.jmeter.report.processor.graph.impl.TimeVSThreadGraphConsumer#stopProducing(): timeVsThreads produced 0 samples
2024-01-29 17:31:45,594 INFO o.a.j.r.p.AbstractSampleConsumer: class org.apache.jmeter.report.processor.graph.impl.ResponseTimeDistributionGraphConsumer#stopProducing(): responseTimeDistribution produced 0 samples
2024-01-29 17:31:45,594 INFO o.a.j.r.p.AbstractSampleConsumer: class org.apache.jmeter.report.processor.graph.impl.TransactionsPerSecondGraphConsumer#stopProducing(): transactionsPerSecond produced 0 samples
2024-01-29 17:31:45,594 INFO o.a.j.r.p.AbstractSampleConsumer: class org.apache.jmeter.report.processor.graph.impl.ResponseTimePercentilesGraphConsumer#stopProducing(): responseTimePercentiles produced 0 samples
2024-01-29 17:31:45,595 INFO o.a.j.r.p.AbstractSampleConsumer: class org.apache.jmeter.report.processor.graph.impl.ResponseTimePercentilesOverTimeGraphConsumer#stopProducing(): responseTimePercentilesOverTime produced 0 samples
2024-01-29 17:31:45,595 INFO o.a.j.r.p.AbstractSampleConsumer: class org.apache.jmeter.report.processor.graph.impl.ResponseTimeOverTimeGraphConsumer#stopProducing(): responseTimesOverTime produced 0 samples
2024-01-29 17:31:45,595 INFO o.a.j.r.p.AbstractSampleConsumer: class org.apache.jmeter.report.processor.graph.impl.ConnectTimeOverTimeGraphConsumer#stopProducing(): connectTimeOverTime produced 0 samples
2024-01-29 17:31:45,595 INFO o.a.j.r.p.AbstractSampleConsumer: class org.apache.jmeter.report.processor.graph.impl.LatencyOverTimeGraphConsumer#stopProducing(): latenciesOverTime produced 0 samples
2024-01-29 17:31:45,596 INFO o.a.j.r.p.AbstractSampleConsumer: class org.apache.jmeter.report.processor.FilterConsumer#stopProducing(): nameFilter produced 225 samples
2024-01-29 17:31:45,596 INFO o.a.j.r.p.AbstractSampleConsumer: class org.apache.jmeter.report.processor.FilterConsumer#stopProducing(): dateRangeFilter produced 45 samples
2024-01-29 17:31:45,596 INFO o.a.j.r.p.AbstractSampleConsumer: class org.apache.jmeter.report.processor.NormalizerSampleConsumer#stopProducing(): normalizer produced 15 samples
2024-01-29 17:31:45,597 INFO o.a.j.r.p.CsvFileSampleSource: produce(): 15 samples produced in 190ms on channel 0
2024-01-29 17:31:45,597 INFO o.a.j.r.d.ReportGenerator: Exporting data using exporter:'json' of className:'org.apache.jmeter.report.dashboard.JsonExporter'
2024-01-29 17:31:45,705 INFO o.a.j.r.d.JsonExporter: Found data for consumer statisticsSummary in context
2024-01-29 17:31:45,706 INFO o.a.j.r.d.JsonExporter: Creating statistics for overall
2024-01-29 17:31:45,707 INFO o.a.j.r.d.JsonExporter: Creating statistics for other transactions
2024-01-29 17:31:45,707 INFO o.a.j.r.d.JsonExporter: Checking output folder
2024-01-29 17:31:45,708 INFO o.a.j.r.d.JsonExporter: Writing statistics JSON to C:\Users\OmarA\OneDrive\Desktop\htmlreport\statistics.json
2024-01-29 17:31:45,763 INFO o.a.j.r.d.ReportGenerator: Exporting data using exporter:'html' of className:'org.apache.jmeter.report.dashboard.HtmlTemplateExporter'
2024-01-29 17:31:45,765 INFO o.a.j.r.d.HtmlTemplateExporter: Will generate dashboard in folder: C:\Users\OmarA\OneDrive\Desktop\htmlreport
2024-01-29 17:31:45,922 INFO o.a.j.r.d.HtmlTemplateExporter: Report will be generated in: C:\Users\OmarA\OneDrive\Desktop\htmlreport, creating folder structure
2024-01-29 17:31:45,928 INFO o.a.j.r.d.TemplateVisitor: Copying folder from 'C:\Users\OmarA\Downloads\apache-jmeter-5.6.3\apache-jmeter-5.6.3\bin\report-template' to 'C:\Users\OmarA\OneDrive\Desktop\htmlreport', got message: C:\Users\OmarA\OneDrive\Desktop\htmlreport, found non empty folder with following content [C:\Users\OmarA\OneDrive\Desktop\htmlreport\statistics.json], will be ignored
