2024-01-29 17:25:51,081 INFO o.a.j.u.JMeterUtils: Setting Locale to en_EN
2024-01-29 17:25:51,106 INFO o.a.j.JMeter: Loading user properties from: user.properties
2024-01-29 17:25:51,107 INFO o.a.j.JMeter: Loading system properties from: system.properties
2024-01-29 17:25:51,116 INFO o.a.j.JMeter: Copyright (c) 1998-2024 The Apache Software Foundation
2024-01-29 17:25:51,116 INFO o.a.j.JMeter: Version 5.6.3
2024-01-29 17:25:51,116 INFO o.a.j.JMeter: java.version=18.0.2.1
2024-01-29 17:25:51,116 INFO o.a.j.JMeter: java.vm.name=Java HotSpot(TM) 64-Bit Server VM
2024-01-29 17:25:51,116 INFO o.a.j.JMeter: os.name=Windows 10
2024-01-29 17:25:51,116 INFO o.a.j.JMeter: os.arch=amd64
2024-01-29 17:25:51,117 INFO o.a.j.JMeter: os.version=10.0
2024-01-29 17:25:51,117 INFO o.a.j.JMeter: file.encoding=UTF-8
2024-01-29 17:25:51,117 INFO o.a.j.JMeter: java.awt.headless=null
2024-01-29 17:25:51,117 INFO o.a.j.JMeter: Max memory     =1073741824
2024-01-29 17:25:51,117 INFO o.a.j.JMeter: Available Processors =8
2024-01-29 17:25:51,126 INFO o.a.j.JMeter: Default Locale=English (EN)
2024-01-29 17:25:51,127 INFO o.a.j.JMeter: JMeter  Locale=English (EN)
2024-01-29 17:25:51,127 INFO o.a.j.JMeter: JMeterHome=C:\Users\OmarA\Downloads\apache-jmeter-5.6.3\apache-jmeter-5.6.3
2024-01-29 17:25:51,127 INFO o.a.j.JMeter: user.dir  =C:\Users\OmarA\Downloads\apache-jmeter-5.6.3\apache-jmeter-5.6.3\bin
2024-01-29 17:25:51,127 INFO o.a.j.JMeter: PWD       =C:\Users\OmarA\Downloads\apache-jmeter-5.6.3\apache-jmeter-5.6.3\bin
2024-01-29 17:25:51,129 INFO o.a.j.JMeter: IP: 192.168.100.17 Name: DESKTOP-7H9MFDJ FullName: DESKTOP-7H9MFDJ
2024-01-29 17:25:51,144 INFO o.a.j.JMeter: Loaded icon properties from org/apache/jmeter/images/icon.properties
2024-01-29 17:25:51,355 INFO o.a.j.JMeterGuiLauncher: Setting LAF to: com.github.weisj.darklaf.DarkLaf:com.github.weisj.darklaf.theme.DarculaTheme
2024-01-29 17:26:14,662 INFO o.a.j.s.FileServer: Default base='C:\Users\OmarA\Downloads\apache-jmeter-5.6.3\apache-jmeter-5.6.3\bin'
2024-01-29 17:26:14,664 INFO o.a.j.g.a.Load: Loading file: C:\Users\OmarA\OneDrive\Desktop\TestLoad\View Results in Table.jmx
2024-01-29 17:26:14,664 INFO o.a.j.s.FileServer: Set new base='C:\Users\OmarA\OneDrive\Desktop\TestLoad'
2024-01-29 17:26:14,874 INFO o.a.j.s.SaveService: Testplan (JMX) version: 2.2. Testlog (JTL) version: 2.2
2024-01-29 17:26:14,900 INFO o.a.j.s.SaveService: Using SaveService properties version 5.0
2024-01-29 17:26:14,902 INFO o.a.j.s.SaveService: Using SaveService properties file encoding UTF-8
2024-01-29 17:26:14,904 INFO o.a.j.s.SaveService: Loading file: C:\Users\OmarA\OneDrive\Desktop\TestLoad\View Results in Table.jmx
2024-01-29 17:26:14,937 INFO o.a.j.p.h.s.HTTPSamplerBase: Parser for text/html is org.apache.jmeter.protocol.http.parser.LagartoBasedHtmlParser
2024-01-29 17:26:14,937 INFO o.a.j.p.h.s.HTTPSamplerBase: Parser for application/xhtml+xml is org.apache.jmeter.protocol.http.parser.LagartoBasedHtmlParser
2024-01-29 17:26:14,937 INFO o.a.j.p.h.s.HTTPSamplerBase: Parser for application/xml is org.apache.jmeter.protocol.http.parser.LagartoBasedHtmlParser
2024-01-29 17:26:14,937 INFO o.a.j.p.h.s.HTTPSamplerBase: Parser for text/xml is org.apache.jmeter.protocol.http.parser.LagartoBasedHtmlParser
2024-01-29 17:26:14,937 INFO o.a.j.p.h.s.HTTPSamplerBase: Parser for text/vnd.wap.wml is org.apache.jmeter.protocol.http.parser.RegexpHTMLParser
2024-01-29 17:26:14,937 INFO o.a.j.p.h.s.HTTPSamplerBase: Parser for text/css is org.apache.jmeter.protocol.http.parser.CssParser
2024-01-29 17:26:15,218 INFO o.a.j.s.FileServer: Set new base='C:\Users\OmarA\OneDrive\Desktop\TestLoad'
2024-01-29 17:26:28,212 INFO o.a.j.e.StandardJMeterEngine: Running the test!
2024-01-29 17:26:28,213 INFO o.a.j.s.SampleEvent: List of sample_variables: []
2024-01-29 17:26:28,213 INFO o.a.j.s.SampleEvent: List of sample_variables: []
2024-01-29 17:26:28,214 INFO o.a.j.e.u.CompoundVariable: Note: Function class names must contain the string: '.functions.'
2024-01-29 17:26:28,214 INFO o.a.j.e.u.CompoundVariable: Note: Function class names must not contain the string: '.gui.'
2024-01-29 17:26:28,267 INFO o.a.j.g.u.JMeterMenuBar: setRunning(true, *local*)
2024-01-29 17:26:28,291 INFO o.a.j.e.StandardJMeterEngine: Starting ThreadGroup: 1 : Users
2024-01-29 17:26:28,291 INFO o.a.j.e.StandardJMeterEngine: Starting 5 threads for group Users.
2024-01-29 17:26:28,292 INFO o.a.j.e.StandardJMeterEngine: Thread will continue on error
2024-01-29 17:26:28,292 INFO o.a.j.t.ThreadGroup: Starting thread group... number=1 threads=5 ramp-up=1 delayedStart=false
2024-01-29 17:26:28,295 INFO o.a.j.t.ThreadGroup: Started thread group number 1
2024-01-29 17:26:28,295 INFO o.a.j.e.StandardJMeterEngine: All thread groups have been started
2024-01-29 17:26:28,296 INFO o.a.j.t.JMeterThread: Thread started: Users 1-1
2024-01-29 17:26:28,308 INFO o.a.j.p.h.s.HTTPHCAbstractImpl: Local host = DESKTOP-7H9MFDJ
2024-01-29 17:26:28,313 INFO o.a.j.p.h.s.HTTPHC4Impl: HTTP request retry count = 0
2024-01-29 17:26:28,314 INFO o.a.j.s.SampleResult: Note: Sample TimeStamps are START times
2024-01-29 17:26:28,314 INFO o.a.j.s.SampleResult: sampleresult.default.encoding is set to UTF-8
2024-01-29 17:26:28,314 INFO o.a.j.s.SampleResult: sampleresult.useNanoTime=true
2024-01-29 17:26:28,314 INFO o.a.j.s.SampleResult: sampleresult.nanoThreadSleep=5000
2024-01-29 17:26:28,496 INFO o.a.j.t.JMeterThread: Thread started: Users 1-2
2024-01-29 17:26:28,695 INFO o.a.j.t.JMeterThread: Thread started: Users 1-3
2024-01-29 17:26:28,784 INFO o.a.j.t.JMeterThread: Thread is done: Users 1-1
2024-01-29 17:26:28,784 INFO o.a.j.t.JMeterThread: Thread finished: Users 1-1
2024-01-29 17:26:28,849 INFO o.a.j.t.JMeterThread: Thread is done: Users 1-2
2024-01-29 17:26:28,850 INFO o.a.j.t.JMeterThread: Thread finished: Users 1-2
2024-01-29 17:26:28,895 INFO o.a.j.t.JMeterThread: Thread started: Users 1-4
2024-01-29 17:26:29,051 INFO o.a.j.t.JMeterThread: Thread is done: Users 1-3
2024-01-29 17:26:29,052 INFO o.a.j.t.JMeterThread: Thread finished: Users 1-3
2024-01-29 17:26:29,094 INFO o.a.j.t.JMeterThread: Thread started: Users 1-5
2024-01-29 17:26:29,248 INFO o.a.j.t.JMeterThread: Thread is done: Users 1-4
2024-01-29 17:26:29,249 INFO o.a.j.t.JMeterThread: Thread finished: Users 1-4
2024-01-29 17:26:29,449 INFO o.a.j.t.JMeterThread: Thread is done: Users 1-5
2024-01-29 17:26:29,449 INFO o.a.j.t.JMeterThread: Thread finished: Users 1-5
2024-01-29 17:26:29,449 INFO o.a.j.e.StandardJMeterEngine: Notifying test listeners of end of test
2024-01-29 17:26:29,450 INFO o.a.j.g.u.JMeterMenuBar: setRunning(false, *local*)
2024-01-29 17:26:31,346 INFO o.a.j.e.StandardJMeterEngine: Running the test!
2024-01-29 17:26:31,347 INFO o.a.j.s.SampleEvent: List of sample_variables: []
2024-01-29 17:26:31,348 INFO o.a.j.g.u.JMeterMenuBar: setRunning(true, *local*)
2024-01-29 17:26:31,371 INFO o.a.j.e.StandardJMeterEngine: Starting ThreadGroup: 1 : Users
2024-01-29 17:26:31,371 INFO o.a.j.e.StandardJMeterEngine: Starting 5 threads for group Users.
2024-01-29 17:26:31,371 INFO o.a.j.e.StandardJMeterEngine: Thread will continue on error
2024-01-29 17:26:31,371 INFO o.a.j.t.ThreadGroup: Starting thread group... number=1 threads=5 ramp-up=1 delayedStart=false
2024-01-29 17:26:31,373 INFO o.a.j.t.JMeterThread: Thread started: Users 1-1
2024-01-29 17:26:31,373 INFO o.a.j.t.ThreadGroup: Started thread group number 1
2024-01-29 17:26:31,373 INFO o.a.j.e.StandardJMeterEngine: All thread groups have been started
2024-01-29 17:26:31,572 INFO o.a.j.t.JMeterThread: Thread started: Users 1-2
2024-01-29 17:26:31,722 INFO o.a.j.t.JMeterThread: Thread is done: Users 1-1
2024-01-29 17:26:31,722 INFO o.a.j.t.JMeterThread: Thread finished: Users 1-1
2024-01-29 17:26:31,773 INFO o.a.j.t.JMeterThread: Thread started: Users 1-3
2024-01-29 17:26:31,922 INFO o.a.j.t.JMeterThread: Thread is done: Users 1-2
2024-01-29 17:26:31,922 INFO o.a.j.t.JMeterThread: Thread finished: Users 1-2
2024-01-29 17:26:31,972 INFO o.a.j.t.JMeterThread: Thread started: Users 1-4
2024-01-29 17:26:32,122 INFO o.a.j.t.JMeterThread: Thread is done: Users 1-3
2024-01-29 17:26:32,122 INFO o.a.j.t.JMeterThread: Thread finished: Users 1-3
2024-01-29 17:26:32,172 INFO o.a.j.t.JMeterThread: Thread started: Users 1-5
2024-01-29 17:26:33,330 INFO o.a.j.t.JMeterThread: Thread is done: Users 1-4
2024-01-29 17:26:33,330 INFO o.a.j.t.JMeterThread: Thread finished: Users 1-4
2024-01-29 17:26:33,534 INFO o.a.j.t.JMeterThread: Thread is done: Users 1-5
2024-01-29 17:26:33,534 INFO o.a.j.t.JMeterThread: Thread finished: Users 1-5
2024-01-29 17:26:33,534 INFO o.a.j.e.StandardJMeterEngine: Notifying test listeners of end of test
2024-01-29 17:26:33,535 INFO o.a.j.g.u.JMeterMenuBar: setRunning(false, *local*)
2024-01-29 17:27:45,878 INFO o.a.j.e.StandardJMeterEngine: Running the test!
2024-01-29 17:27:45,879 INFO o.a.j.s.SampleEvent: List of sample_variables: []
2024-01-29 17:27:45,879 INFO o.a.j.g.u.JMeterMenuBar: setRunning(true, *local*)
2024-01-29 17:27:45,880 INFO o.a.j.e.StandardJMeterEngine: Starting ThreadGroup: 1 : Users
2024-01-29 17:27:45,881 INFO o.a.j.e.StandardJMeterEngine: Starting 5 threads for group Users.
2024-01-29 17:27:45,882 INFO o.a.j.e.StandardJMeterEngine: Thread will continue on error
2024-01-29 17:27:45,882 INFO o.a.j.t.ThreadGroup: Starting thread group... number=1 threads=5 ramp-up=1 delayedStart=false
2024-01-29 17:27:45,883 INFO o.a.j.t.JMeterThread: Thread started: Users 1-1
2024-01-29 17:27:45,883 INFO o.a.j.t.ThreadGroup: Started thread group number 1
2024-01-29 17:27:45,883 INFO o.a.j.e.StandardJMeterEngine: All thread groups have been started
2024-01-29 17:27:46,085 INFO o.a.j.t.JMeterThread: Thread started: Users 1-2
2024-01-29 17:27:46,252 INFO o.a.j.t.JMeterThread: Thread is done: Users 1-1
2024-01-29 17:27:46,252 INFO o.a.j.t.JMeterThread: Thread finished: Users 1-1
2024-01-29 17:27:46,283 INFO o.a.j.t.JMeterThread: Thread started: Users 1-3
2024-01-29 17:27:46,443 INFO o.a.j.t.JMeterThread: Thread is done: Users 1-2
2024-01-29 17:27:46,443 INFO o.a.j.t.JMeterThread: Thread finished: Users 1-2
2024-01-29 17:27:46,484 INFO o.a.j.t.JMeterThread: Thread started: Users 1-4
2024-01-29 17:27:46,640 INFO o.a.j.t.JMeterThread: Thread is done: Users 1-3
2024-01-29 17:27:46,640 INFO o.a.j.t.JMeterThread: Thread finished: Users 1-3
2024-01-29 17:27:46,684 INFO o.a.j.t.JMeterThread: Thread started: Users 1-5
2024-01-29 17:27:46,840 INFO o.a.j.t.JMeterThread: Thread is done: Users 1-4
2024-01-29 17:27:46,840 INFO o.a.j.t.JMeterThread: Thread finished: Users 1-4
2024-01-29 17:27:47,041 INFO o.a.j.t.JMeterThread: Thread is done: Users 1-5
2024-01-29 17:27:47,042 INFO o.a.j.t.JMeterThread: Thread finished: Users 1-5
2024-01-29 17:27:47,042 INFO o.a.j.e.StandardJMeterEngine: Notifying test listeners of end of test
2024-01-29 17:27:47,042 INFO o.a.j.g.u.JMeterMenuBar: setRunning(false, *local*)
2024-01-29 17:28:58,252 INFO o.a.j.e.StandardJMeterEngine: Running the test!
2024-01-29 17:28:58,252 INFO o.a.j.s.SampleEvent: List of sample_variables: []
2024-01-29 17:28:58,264 INFO o.a.j.g.u.JMeterMenuBar: setRunning(true, *local*)
2024-01-29 17:28:58,290 INFO o.a.j.e.StandardJMeterEngine: Starting ThreadGroup: 1 : Users
2024-01-29 17:28:58,290 INFO o.a.j.e.StandardJMeterEngine: Starting 5 threads for group Users.
2024-01-29 17:28:58,290 INFO o.a.j.e.StandardJMeterEngine: Thread will continue on error
2024-01-29 17:28:58,291 INFO o.a.j.t.ThreadGroup: Starting thread group... number=1 threads=5 ramp-up=1 delayedStart=false
2024-01-29 17:28:58,291 INFO o.a.j.t.JMeterThread: Thread started: Users 1-1
2024-01-29 17:28:58,292 INFO o.a.j.t.ThreadGroup: Started thread group number 1
2024-01-29 17:28:58,292 INFO o.a.j.e.StandardJMeterEngine: All thread groups have been started
2024-01-29 17:28:58,494 INFO o.a.j.t.JMeterThread: Thread started: Users 1-2
2024-01-29 17:28:58,646 INFO o.a.j.t.JMeterThread: Thread is done: Users 1-1
2024-01-29 17:28:58,646 INFO o.a.j.t.JMeterThread: Thread finished: Users 1-1
2024-01-29 17:28:58,693 INFO o.a.j.t.JMeterThread: Thread started: Users 1-3
2024-01-29 17:28:58,848 INFO o.a.j.t.JMeterThread: Thread is done: Users 1-2
2024-01-29 17:28:58,848 INFO o.a.j.t.JMeterThread: Thread finished: Users 1-2
2024-01-29 17:28:58,894 INFO o.a.j.t.JMeterThread: Thread started: Users 1-4
2024-01-29 17:28:59,058 INFO o.a.j.t.JMeterThread: Thread is done: Users 1-3
2024-01-29 17:28:59,058 INFO o.a.j.t.JMeterThread: Thread finished: Users 1-3
2024-01-29 17:28:59,093 INFO o.a.j.t.JMeterThread: Thread started: Users 1-5
2024-01-29 17:28:59,246 INFO o.a.j.t.JMeterThread: Thread is done: Users 1-4
2024-01-29 17:28:59,247 INFO o.a.j.t.JMeterThread: Thread finished: Users 1-4
2024-01-29 17:29:00,457 INFO o.a.j.t.JMeterThread: Thread is done: Users 1-5
2024-01-29 17:29:00,457 INFO o.a.j.t.JMeterThread: Thread finished: Users 1-5
2024-01-29 17:29:00,458 INFO o.a.j.e.StandardJMeterEngine: Notifying test listeners of end of test
2024-01-29 17:29:00,458 INFO o.a.j.g.u.JMeterMenuBar: setRunning(false, *local*)
2024-01-29 17:29:12,076 INFO o.a.j.e.StandardJMeterEngine: Running the test!
2024-01-29 17:29:12,076 INFO o.a.j.s.SampleEvent: List of sample_variables: []
2024-01-29 17:29:12,078 INFO o.a.j.g.u.JMeterMenuBar: setRunning(true, *local*)
2024-01-29 17:29:12,109 INFO o.a.j.e.StandardJMeterEngine: Starting ThreadGroup: 1 : Users
2024-01-29 17:29:12,109 INFO o.a.j.e.StandardJMeterEngine: Starting 5 threads for group Users.
2024-01-29 17:29:12,109 INFO o.a.j.e.StandardJMeterEngine: Thread will continue on error
2024-01-29 17:29:12,109 INFO o.a.j.t.ThreadGroup: Starting thread group... number=1 threads=5 ramp-up=1 delayedStart=false
2024-01-29 17:29:12,110 INFO o.a.j.t.JMeterThread: Thread started: Users 1-1
2024-01-29 17:29:12,111 INFO o.a.j.t.ThreadGroup: Started thread group number 1
2024-01-29 17:29:12,111 INFO o.a.j.e.StandardJMeterEngine: All thread groups have been started
2024-01-29 17:29:12,314 INFO o.a.j.t.JMeterThread: Thread started: Users 1-2
2024-01-29 17:29:12,467 INFO o.a.j.t.JMeterThread: Thread is done: Users 1-1
2024-01-29 17:29:12,467 INFO o.a.j.t.JMeterThread: Thread finished: Users 1-1
2024-01-29 17:29:12,514 INFO o.a.j.t.JMeterThread: Thread started: Users 1-3
2024-01-29 17:29:12,664 INFO o.a.j.t.JMeterThread: Thread is done: Users 1-2
2024-01-29 17:29:12,665 INFO o.a.j.t.JMeterThread: Thread finished: Users 1-2
2024-01-29 17:29:12,713 INFO o.a.j.t.JMeterThread: Thread started: Users 1-4
2024-01-29 17:29:12,866 INFO o.a.j.t.JMeterThread: Thread is done: Users 1-3
2024-01-29 17:29:12,866 INFO o.a.j.t.JMeterThread: Thread finished: Users 1-3
2024-01-29 17:29:12,912 INFO o.a.j.t.JMeterThread: Thread started: Users 1-5
2024-01-29 17:29:13,063 INFO o.a.j.t.JMeterThread: Thread is done: Users 1-4
2024-01-29 17:29:13,063 INFO o.a.j.t.JMeterThread: Thread finished: Users 1-4
2024-01-29 17:29:14,273 INFO o.a.j.t.JMeterThread: Thread is done: Users 1-5
2024-01-29 17:29:14,273 INFO o.a.j.t.JMeterThread: Thread finished: Users 1-5
2024-01-29 17:29:14,274 INFO o.a.j.e.StandardJMeterEngine: Notifying test listeners of end of test
2024-01-29 17:29:14,274 INFO o.a.j.g.u.JMeterMenuBar: setRunning(false, *local*)
2024-01-29 17:30:28,708 INFO o.a.j.e.StandardJMeterEngine: Running the test!
2024-01-29 17:30:28,709 INFO o.a.j.s.SampleEvent: List of sample_variables: []
2024-01-29 17:30:28,710 INFO o.a.j.g.u.JMeterMenuBar: setRunning(true, *local*)
2024-01-29 17:30:28,732 INFO o.a.j.e.StandardJMeterEngine: Starting ThreadGroup: 1 : Users
2024-01-29 17:30:28,732 INFO o.a.j.e.StandardJMeterEngine: Starting 5 threads for group Users.
2024-01-29 17:30:28,732 INFO o.a.j.e.StandardJMeterEngine: Thread will continue on error
2024-01-29 17:30:28,732 INFO o.a.j.t.ThreadGroup: Starting thread group... number=1 threads=5 ramp-up=1 delayedStart=false
2024-01-29 17:30:28,733 INFO o.a.j.t.ThreadGroup: Started thread group number 1
2024-01-29 17:30:28,734 INFO o.a.j.e.StandardJMeterEngine: All thread groups have been started
2024-01-29 17:30:28,734 INFO o.a.j.t.JMeterThread: Thread started: Users 1-1
2024-01-29 17:30:28,935 INFO o.a.j.t.JMeterThread: Thread started: Users 1-2
2024-01-29 17:30:29,103 INFO o.a.j.t.JMeterThread: Thread is done: Users 1-1
2024-01-29 17:30:29,103 INFO o.a.j.t.JMeterThread: Thread finished: Users 1-1
2024-01-29 17:30:29,136 INFO o.a.j.t.JMeterThread: Thread started: Users 1-3
2024-01-29 17:30:29,291 INFO o.a.j.t.JMeterThread: Thread is done: Users 1-2
2024-01-29 17:30:29,291 INFO o.a.j.t.JMeterThread: Thread finished: Users 1-2
2024-01-29 17:30:29,336 INFO o.a.j.t.JMeterThread: Thread started: Users 1-4
2024-01-29 17:30:29,491 INFO o.a.j.t.JMeterThread: Thread is done: Users 1-3
2024-01-29 17:30:29,491 INFO o.a.j.t.JMeterThread: Thread finished: Users 1-3
2024-01-29 17:30:29,535 INFO o.a.j.t.JMeterThread: Thread started: Users 1-5
2024-01-29 17:30:29,690 INFO o.a.j.t.JMeterThread: Thread is done: Users 1-4
2024-01-29 17:30:29,691 INFO o.a.j.t.JMeterThread: Thread finished: Users 1-4
2024-01-29 17:30:29,885 INFO o.a.j.t.JMeterThread: Thread is done: Users 1-5
2024-01-29 17:30:29,885 INFO o.a.j.t.JMeterThread: Thread finished: Users 1-5
2024-01-29 17:30:29,885 INFO o.a.j.e.StandardJMeterEngine: Notifying test listeners of end of test
2024-01-29 17:30:29,886 INFO o.a.j.g.u.JMeterMenuBar: setRunning(false, *local*)
